<?xml version="1.0" encoding="UTF-8"?>
<testsuite xmlns:xsi="http://www.w3.org/2001/XMLSchema-instance" xsi:noNamespaceSchemaLocation="https://maven.apache.org/surefire/maven-surefire-plugin/xsd/surefire-test-report-3.0.xsd" version="3.0" name="ValidationControllerTest" time="0.036" tests="1" errors="0" skipped="0" failures="0">
  <properties>
    <property name="sun.desktop" value="gnome"/>
    <property name="awt.toolkit" value="sun.awt.X11.XToolkit"/>
    <property name="file.encoding.pkg" value="sun.io"/>
    <property name="java.specification.version" value="1.8"/>
    <property name="sun.cpu.isalist" value=""/>
    <property name="sun.jnu.encoding" value="UTF-8"/>
    <property name="java.class.path" value="/home/saugat/NetBeansProjects/JSFProject/target/test-classes:/home/saugat/NetBeansProjects/JSFProject/target/classes:/home/saugat/.m2/repository/junit/junit/4.13.2/junit-4.13.2.jar:/home/saugat/.m2/repository/org/hamcrest/hamcrest-core/1.3/hamcrest-core-1.3.jar:/home/saugat/.m2/repository/javax/javaee-web-api/7.0/javaee-web-api-7.0.jar:/home/saugat/.m2/repository/org/primefaces/primefaces/6.0/primefaces-6.0.jar:/home/saugat/.m2/repository/com/mysql/mysql-connector-j/8.0.33/mysql-connector-j-8.0.33.jar:/home/saugat/.m2/repository/com/google/protobuf/protobuf-java/3.21.9/protobuf-java-3.21.9.jar:/home/saugat/.m2/repository/org/hibernate/hibernate-entitymanager/4.2.7.Final/hibernate-entitymanager-4.2.7.Final.jar:/home/saugat/.m2/repository/org/jboss/logging/jboss-logging/3.1.0.GA/jboss-logging-3.1.0.GA.jar:/home/saugat/.m2/repository/dom4j/dom4j/1.6.1/dom4j-1.6.1.jar:/home/saugat/.m2/repository/org/javassist/javassist/3.18.1-GA/javassist-3.18.1-GA.jar:/home/saugat/.m2/repository/org/jboss/spec/javax/transaction/jboss-transaction-api_1.1_spec/1.0.1.Final/jboss-transaction-api_1.1_spec-1.0.1.Final.jar:/home/saugat/.m2/repository/org/hibernate/javax/persistence/hibernate-jpa-2.0-api/1.0.1.Final/hibernate-jpa-2.0-api-1.0.1.Final.jar:/home/saugat/.m2/repository/org/hibernate/common/hibernate-commons-annotations/4.0.2.Final/hibernate-commons-annotations-4.0.2.Final.jar:/home/saugat/.m2/repository/org/hibernate/hibernate-core/4.2.7.Final/hibernate-core-4.2.7.Final.jar:/home/saugat/.m2/repository/antlr/antlr/2.7.7/antlr-2.7.7.jar:/home/saugat/.m2/repository/commons-fileupload/commons-fileupload/1.3.3/commons-fileupload-1.3.3.jar:/home/saugat/.m2/repository/commons-io/commons-io/2.4/commons-io-2.4.jar:/home/saugat/.m2/repository/io/jsonwebtoken/jjwt-api/0.11.2/jjwt-api-0.11.2.jar:/home/saugat/.m2/repository/io/jsonwebtoken/jjwt-impl/0.11.2/jjwt-impl-0.11.2.jar:/home/saugat/.m2/repository/io/jsonwebtoken/jjwt-jackson/0.11.2/jjwt-jackson-0.11.2.jar:/home/saugat/.m2/repository/com/fasterxml/jackson/core/jackson-databind/2.10.0.pr2/jackson-databind-2.10.0.pr2.jar:/home/saugat/.m2/repository/com/fasterxml/jackson/core/jackson-annotations/2.10.0.pr2/jackson-annotations-2.10.0.pr2.jar:/home/saugat/.m2/repository/com/fasterxml/jackson/core/jackson-core/2.10.0.pr2/jackson-core-2.10.0.pr2.jar:"/>
    <property name="java.vm.vendor" value="Private Build"/>
    <property name="sun.arch.data.model" value="64"/>
    <property name="java.vendor.url" value="http://java.oracle.com/"/>
    <property name="user.timezone" value=""/>
    <property name="java.vm.specification.version" value="1.8"/>
    <property name="os.name" value="Linux"/>
    <property name="sun.java.launcher" value="SUN_STANDARD"/>
    <property name="user.country" value="US"/>
    <property name="sun.boot.library.path" value="/usr/lib/jvm/java-8-openjdk-amd64/jre/lib/amd64"/>
    <property name="sun.java.command" value="/home/saugat/NetBeansProjects/JSFProject/target/surefire/surefirebooter-20230930204747858_3.jar /home/saugat/NetBeansProjects/JSFProject/target/surefire 2023-09-30T20-47-47_778-jvmRun1 surefire-20230930204747858_1tmp surefire_0-20230930204747858_2tmp"/>
    <property name="test" value="ValidationControllerTest#emailValidateTest"/>
    <property name="surefire.test.class.path" value="/home/saugat/NetBeansProjects/JSFProject/target/test-classes:/home/saugat/NetBeansProjects/JSFProject/target/classes:/home/saugat/.m2/repository/junit/junit/4.13.2/junit-4.13.2.jar:/home/saugat/.m2/repository/org/hamcrest/hamcrest-core/1.3/hamcrest-core-1.3.jar:/home/saugat/.m2/repository/javax/javaee-web-api/7.0/javaee-web-api-7.0.jar:/home/saugat/.m2/repository/org/primefaces/primefaces/6.0/primefaces-6.0.jar:/home/saugat/.m2/repository/com/mysql/mysql-connector-j/8.0.33/mysql-connector-j-8.0.33.jar:/home/saugat/.m2/repository/com/google/protobuf/protobuf-java/3.21.9/protobuf-java-3.21.9.jar:/home/saugat/.m2/repository/org/hibernate/hibernate-entitymanager/4.2.7.Final/hibernate-entitymanager-4.2.7.Final.jar:/home/saugat/.m2/repository/org/jboss/logging/jboss-logging/3.1.0.GA/jboss-logging-3.1.0.GA.jar:/home/saugat/.m2/repository/dom4j/dom4j/1.6.1/dom4j-1.6.1.jar:/home/saugat/.m2/repository/org/javassist/javassist/3.18.1-GA/javassist-3.18.1-GA.jar:/home/saugat/.m2/repository/org/jboss/spec/javax/transaction/jboss-transaction-api_1.1_spec/1.0.1.Final/jboss-transaction-api_1.1_spec-1.0.1.Final.jar:/home/saugat/.m2/repository/org/hibernate/javax/persistence/hibernate-jpa-2.0-api/1.0.1.Final/hibernate-jpa-2.0-api-1.0.1.Final.jar:/home/saugat/.m2/repository/org/hibernate/common/hibernate-commons-annotations/4.0.2.Final/hibernate-commons-annotations-4.0.2.Final.jar:/home/saugat/.m2/repository/org/hibernate/hibernate-core/4.2.7.Final/hibernate-core-4.2.7.Final.jar:/home/saugat/.m2/repository/antlr/antlr/2.7.7/antlr-2.7.7.jar:/home/saugat/.m2/repository/commons-fileupload/commons-fileupload/1.3.3/commons-fileupload-1.3.3.jar:/home/saugat/.m2/repository/commons-io/commons-io/2.4/commons-io-2.4.jar:/home/saugat/.m2/repository/io/jsonwebtoken/jjwt-api/0.11.2/jjwt-api-0.11.2.jar:/home/saugat/.m2/repository/io/jsonwebtoken/jjwt-impl/0.11.2/jjwt-impl-0.11.2.jar:/home/saugat/.m2/repository/io/jsonwebtoken/jjwt-jackson/0.11.2/jjwt-jackson-0.11.2.jar:/home/saugat/.m2/repository/com/fasterxml/jackson/core/jackson-databind/2.10.0.pr2/jackson-databind-2.10.0.pr2.jar:/home/saugat/.m2/repository/com/fasterxml/jackson/core/jackson-annotations/2.10.0.pr2/jackson-annotations-2.10.0.pr2.jar:/home/saugat/.m2/repository/com/fasterxml/jackson/core/jackson-core/2.10.0.pr2/jackson-core-2.10.0.pr2.jar:"/>
    <property name="sun.cpu.endian" value="little"/>
    <property name="user.home" value="/home/saugat"/>
    <property name="user.language" value="en"/>
    <property name="java.specification.vendor" value="Oracle Corporation"/>
    <property name="java.home" value="/usr/lib/jvm/java-8-openjdk-amd64/jre"/>
    <property name="basedir" value="/home/saugat/NetBeansProjects/JSFProject"/>
    <property name="file.separator" value="/"/>
    <property name="line.separator" value="&#10;"/>
    <property name="java.vm.specification.vendor" value="Oracle Corporation"/>
    <property name="java.specification.name" value="Java Platform API Specification"/>
    <property name="java.awt.graphicsenv" value="sun.awt.X11GraphicsEnvironment"/>
    <property name="current.jrebel.agent.path" value="/home/saugat/.netbeans/18/griffin/jrebel.jar"/>
    <property name="surefire.real.class.path" value="/home/saugat/NetBeansProjects/JSFProject/target/surefire/surefirebooter-20230930204747858_3.jar"/>
    <property name="sun.boot.class.path" value="/usr/lib/jvm/java-8-openjdk-amd64/jre/lib/resources.jar:/usr/lib/jvm/java-8-openjdk-amd64/jre/lib/rt.jar:/usr/lib/jvm/java-8-openjdk-amd64/jre/lib/sunrsasign.jar:/usr/lib/jvm/java-8-openjdk-amd64/jre/lib/jsse.jar:/usr/lib/jvm/java-8-openjdk-amd64/jre/lib/jce.jar:/usr/lib/jvm/java-8-openjdk-amd64/jre/lib/charsets.jar:/usr/lib/jvm/java-8-openjdk-amd64/jre/lib/jfr.jar:/usr/lib/jvm/java-8-openjdk-amd64/jre/classes"/>
    <property name="sun.management.compiler" value="HotSpot 64-Bit Tiered Compilers"/>
    <property name="java.runtime.version" value="1.8.0_382-8u382-ga-1~22.04.1-b05"/>
    <property name="user.name" value="saugat"/>
    <property name="path.separator" value=":"/>
    <property name="os.version" value="6.2.0-33-generic"/>
    <property name="java.endorsed.dirs" value="/usr/lib/jvm/java-8-openjdk-amd64/jre/lib/endorsed"/>
    <property name="java.runtime.name" value="OpenJDK Runtime Environment"/>
    <property name="file.encoding" value="UTF-8"/>
    <property name="java.vm.name" value="OpenJDK 64-Bit Server VM"/>
    <property name="maven.ext.class.path" value="/usr/lib/apache-netbeans/java/maven-nblib/netbeans-eventspy.jar"/>
    <property name="localRepository" value="/home/saugat/.m2/repository"/>
    <property name="java.vendor.url.bug" value="http://bugreport.sun.com/bugreport/"/>
    <property name="java.io.tmpdir" value="/tmp"/>
    <property name="java.version" value="1.8.0_382"/>
    <property name="user.dir" value="/home/saugat/NetBeansProjects/JSFProject"/>
    <property name="os.arch" value="amd64"/>
    <property name="java.vm.specification.name" value="Java Virtual Machine Specification"/>
    <property name="java.awt.printerjob" value="sun.print.PSPrinterJob"/>
    <property name="sun.os.patch.level" value="unknown"/>
    <property name="java.library.path" value="/usr/java/packages/lib/amd64:/usr/lib/x86_64-linux-gnu/jni:/lib/x86_64-linux-gnu:/usr/lib/x86_64-linux-gnu:/usr/lib/jni:/lib:/usr/lib"/>
    <property name="java.vm.info" value="mixed mode"/>
    <property name="java.vendor" value="Private Build"/>
    <property name="java.vm.version" value="25.382-b05"/>
    <property name="java.specification.maintenance.version" value="5"/>
    <property name="java.ext.dirs" value="/usr/lib/jvm/java-8-openjdk-amd64/jre/lib/ext:/usr/java/packages/lib/ext"/>
    <property name="sun.io.unicode.encoding" value="UnicodeLittle"/>
    <property name="java.class.version" value="52.0"/>
  </properties>
  <testcase name="emailValidateTest" classname="ValidationControllerTest" time="0.002"/>
</testsuite>